2020-09-02 12:20:31,893:DEBUG:discord.client: on_ready has successfully been registered as an event
2020-09-02 12:20:31,893:DEBUG:discord.client: on_message has successfully been registered as an event
2020-09-02 12:20:31,893:DEBUG:discord.client: on_command_error has successfully been registered as an event
2020-09-02 12:20:31,893:DEBUG:discord.client: on_guild_join has successfully been registered as an event
2020-09-02 12:20:31,893:DEBUG:discord.client: on_guild_remove has successfully been registered as an event
2020-09-02 12:20:31,895:INFO:discord.client: logging in using static token
2020-09-02 12:20:32,056:DEBUG:discord.http: GET https://discord.com/api/v7/users/@me with None has returned 200
2020-09-02 12:20:32,056:DEBUG:discord.http: GET https://discord.com/api/v7/users/@me has received {'id': '750728083169869885', 'username': 'UCONN Smash Bot', 'avatar': 'dda73cfa0c4a489463f1daf7483341cd', 'discriminator': '7453', 'public_flags': 0, 'flags': 0, 'bot': True, 'email': None, 'verified': True, 'locale': 'en-US', 'mfa_enabled': False}
2020-09-02 12:20:32,095:DEBUG:discord.http: GET https://discord.com/api/v7/gateway with None has returned 200
2020-09-02 12:20:32,095:DEBUG:discord.http: GET https://discord.com/api/v7/gateway has received {'url': 'wss://gateway.discord.gg'}
2020-09-02 12:20:32,213:DEBUG:discord.gateway: Created websocket connected to wss://gateway.discord.gg?encoding=json&v=6&compress=zlib-stream
2020-09-02 12:20:32,213:DEBUG:discord.client: Dispatching event socket_raw_receive
2020-09-02 12:20:32,213:DEBUG:discord.gateway: For Shard ID 0: WebSocket Event: {'t': None, 's': None, 'op': 10, 'd': {'heartbeat_interval': 41250, '_trace': ['["gateway-prd-main-sz15",{"micros":0.0}]']}}
2020-09-02 12:20:32,213:DEBUG:discord.client: Dispatching event socket_response
2020-09-02 12:20:32,214:DEBUG:discord.client: Dispatching event socket_raw_send
2020-09-02 12:20:32,214:DEBUG:discord.client: Dispatching event socket_raw_send
2020-09-02 12:20:32,214:INFO:discord.gateway: Shard ID 0 has sent the IDENTIFY payload.
2020-09-02 12:20:32,276:DEBUG:discord.client: Dispatching event socket_raw_receive
2020-09-02 12:20:32,276:DEBUG:discord.gateway: For Shard ID 0: WebSocket Event: {'t': None, 's': None, 'op': 11, 'd': None}
2020-09-02 12:20:32,276:DEBUG:discord.client: Dispatching event socket_response
2020-09-02 12:20:32,371:DEBUG:discord.client: Dispatching event socket_raw_receive
2020-09-02 12:20:32,371:DEBUG:discord.gateway: For Shard ID 0: WebSocket Event: {'t': 'READY', 's': 1, 'op': 0, 'd': {'v': 6, 'user_settings': {}, 'user': {'verified': True, 'username': 'UCONN Smash Bot', 'mfa_enabled': False, 'id': '750728083169869885', 'flags': 0, 'email': None, 'discriminator': '7453', 'bot': True, 'avatar': 'dda73cfa0c4a489463f1daf7483341cd'}, 'shard': [0, 1], 'session_id': '41591f6f8fe870fb992ccef7ddbd20f3', 'relationships': [], 'private_channels': [], 'presences': [], 'guilds': [], 'application': {'id': '750728083169869885', 'flags': 0}, '_trace': ['["gateway-prd-main-sz15",{"micros":101749,"calls":["discord-sessions-prd-2-54",{"micros":74943,"calls":["start_session",{"micros":63212,"calls":["api-prd-main-3ptb",{"micros":55572,"calls":["get_user",{"micros":4518},"add_authorized_ip",{"micros":4022},"get_guilds",{"micros":2257},"coros_wait",{"micros":1}]}]},"guilds_connect",{"micros":1,"calls":[]},"presence_connect",{"micros":6418,"calls":[]}]}]}]']}}
2020-09-02 12:20:32,371:DEBUG:discord.client: Dispatching event socket_response
2020-09-02 12:20:32,371:INFO:discord.gateway: Shard ID 0 has connected to Gateway: ["gateway-prd-main-sz15",{"micros":101749,"calls":["discord-sessions-prd-2-54",{"micros":74943,"calls":["start_session",{"micros":63212,"calls":["api-prd-main-3ptb",{"micros":55572,"calls":["get_user",{"micros":4518},"add_authorized_ip",{"micros":4022},"get_guilds",{"micros":2257},"coros_wait",{"micros":1}]}]},"guilds_connect",{"micros":1,"calls":[]},"presence_connect",{"micros":6418,"calls":[]}]}]}] (Session ID: 41591f6f8fe870fb992ccef7ddbd20f3).
2020-09-02 12:20:32,372:DEBUG:discord.client: Dispatching event connect
2020-09-02 12:20:32,372:DEBUG:discord.client: Dispatching event shard_connect
2020-09-02 12:20:34,386:DEBUG:discord.client: Dispatching event ready
2020-09-02 12:21:11,363:DEBUG:discord.client: Dispatching event socket_raw_receive
2020-09-02 12:21:11,366:DEBUG:discord.gateway: For Shard ID 0: WebSocket Event: {'t': 'GUILD_CREATE', 's': 2, 'op': 0, 'd': {'premium_subscription_count': 0, 'preferred_locale': 'en-US', 'splash': None, 'channels': [{'type': 0, 'topic': None, 'rate_limit_per_user': 0, 'position': 0, 'permission_overwrites': [], 'parent_id': '736602644826816593', 'name': 'general', 'last_message_id': '750080931372728420', 'id': '582248351274369046'}, {'user_limit': 0, 'type': 2, 'position': 0, 'permission_overwrites': [], 'parent_id': '736602732558811176', 'name': 'General', 'id': '582248351274369050', 'bitrate': 64000}, {'type': 0, 'topic': '', 'rate_limit_per_user': 0, 'position': 1, 'permission_overwrites': [], 'parent_id': '736602644826816593', 'name': 'yeetsmash', 'last_message_id': '750484255385190410', 'id': '588327996029665280'}, {'type': 0, 'topic': '', 'rate_limit_per_user': 0, 'position': 2, 'permission_overwrites': [], 'parent_id': '736602644826816593', 'nsfw': True, 'name': 'bot-test', 'last_message_id': '750492842555605082', 'id': '621887688915550208'}, {'type': 0, 'topic': None, 'rate_limit_per_user': 0, 'position': 3, 'permission_overwrites': [], 'parent_id': '736602644826816593', 'name': 'plex-log', 'last_message_id': '744976997058347138', 'id': '656695874923003954'}, {'type': 4, 'position': 1, 'permission_overwrites': [], 'name': 'General', 'id': '736602644826816593'}, {'type': 4, 'position': 2, 'permission_overwrites': [], 'name': 'Voice General', 'id': '736602732558811176'}, {'user_limit': 0, 'type': 2, 'position': 1, 'permission_overwrites': [], 'parent_id': '736602732558811176', 'name': 'Test', 'id': '744376915996967083', 'bitrate': 64000}, {'type': 4, 'position': 0, 'permission_overwrites': [{'type': 'role', 'id': '582248350405886164', 'deny_new': '1048576', 'deny': 1048576, 'allow_new': '0', 'allow': 0}], 'name': '📊 Server Stats 📊', 'id': '749028143330754641'}, {'user_limit': 0, 'type': 2, 'position': 2, 'permission_overwrites': [{'type': 'role', 'id': '582248350405886164', 'deny_new': '1048576', 'deny': 1048576, 'allow_new': '0', 'allow': 0}], 'parent_id': '749028143330754641', 'name': '👥Members: 2', 'id': '749028144597696662', 'bitrate': 64000}, {'user_limit': 0, 'type': 2, 'position': 3, 'permission_overwrites': [{'type': 'role', 'id': '582248350405886164', 'deny_new': '1048576', 'deny': 1048576, 'allow_new': '0', 'allow': 0}], 'parent_id': '749028143330754641', 'name': '📖Total Channels: 12', 'id': '749028145029447862', 'bitrate': 64000}, {'user_limit': 0, 'type': 2, 'position': 4, 'permission_overwrites': [{'type': 'role', 'id': '582248350405886164', 'deny_new': '1048576', 'deny': 1048576, 'allow_new': '0', 'allow': 0}], 'parent_id': '749028143330754641', 'name': '📑Text Channels: 4', 'id': '749028145469849742', 'bitrate': 64000}, {'user_limit': 0, 'type': 2, 'position': 5, 'permission_overwrites': [{'type': 'role', 'id': '582248350405886164', 'deny_new': '1048576', 'deny': 1048576, 'allow_new': '0', 'allow': 0}], 'parent_id': '749028143330754641', 'name': '🎧Voice Channels: 8', 'id': '749028145704861708', 'bitrate': 64000}, {'user_limit': 0, 'type': 2, 'position': 6, 'permission_overwrites': [{'type': 'role', 'id': '582248350405886164', 'deny_new': '1048576', 'deny': 1048576, 'allow_new': '0', 'allow': 0}], 'parent_id': '749028143330754641', 'name': '📜Roles: 4', 'id': '749028146560499723', 'bitrate': 64000}, {'user_limit': 0, 'type': 2, 'position': 7, 'permission_overwrites': [{'type': 'role', 'id': '582248350405886164', 'deny_new': '1048576', 'deny': 1048576, 'allow_new': '0', 'allow': 0}], 'parent_id': '749028143330754641', 'name': '😄Custom Emotes: 50', 'id': '749028147189645363', 'bitrate': 64000}], 'voice_states': [], 'discovery_splash': None, 'region': 'us-east', 'public_updates_channel_id': None, 'members': [{'user': {'username': 'MS Arranges', 'id': '582218952126758913', 'discriminator': '3060', 'avatar': '2cd89f9dc677ba00755ce2c1988f464b'}, 'roles': ['621154853896323073'], 'mute': False, 'joined_at': '2019-05-26T16:47:04.570000+00:00', 'hoisted_role': '621154853896323073', 'deaf': False}, {'user': {'username': 'BestNadeko', 'id': '621158876657614868', 'discriminator': '8877', 'bot': True, 'avatar': 'c5b48abb0513a4025bc62241256fdfa0'}, 'roles': ['621154853896323073', '621159347933937684'], 'mute': False, 'joined_at': '2019-09-11T01:45:29.119000+00:00', 'hoisted_role': '621154853896323073', 'deaf': False}, {'user': {'username': 'MarwynnBot', 'id': '623317451811061763', 'discriminator': '0579', 'bot': True, 'avatar': '31844d8265d6a7a1b1dbbe2b4cfcfb30'}, 'roles': ['621154853896323073', '737816426114449518'], 'mute': False, 'joined_at': '2020-07-28T23:39:03.966000+00:00', 'hoisted_role': '621154853896323073', 'deaf': False}, {'user': {'username': 'TestNadeko', 'id': '643245314169634846', 'discriminator': '4442', 'avatar': None}, 'roles': [], 'mute': False, 'joined_at': '2020-08-31T19:53:49.030000+00:00', 'hoisted_role': None, 'deaf': False}, {'user': {'username': 'UCONN Smash Bot', 'id': '750728083169869885', 'discriminator': '7453', 'bot': True, 'avatar': 'dda73cfa0c4a489463f1daf7483341cd'}, 'roles': ['750752200883699766'], 'premium_since': None, 'nick': None, 'mute': False, 'joined_at': '2020-09-02T16:21:13.100460+00:00', 'hoisted_role': None, 'deaf': False}], 'owner_id': '582218952126758913', 'system_channel_id': '582248351274369046', 'joined_at': '2020-09-02T16:21:13.100460+00:00', 'max_video_channel_users': 25, 'name': 'Masahiro Sakurai', 'default_message_notifications': 0, 'afk_channel_id': None, 'guild_hashes': {'version': 1, 'roles': {'omitted': False, 'hash': 'puwXGP40jPQ'}, 'metadata': {'omitted': False, 'hash': 'Ah4rN946vPM'}, 'channels': {'omitted': False, 'hash': 'xtgh/OJ40wU'}}, 'verification_level': 0, 'explicit_content_filter': 0, 'roles': [{'position': 0, 'permissions_new': '104324673', 'permissions': 104324673, 'name': '@everyone', 'mentionable': False, 'managed': False, 'id': '582248350405886164', 'hoist': False, 'color': 0}, {'position': 4, 'permissions_new': '104324681', 'permissions': 104324681, 'name': 'Admin', 'mentionable': False, 'managed': False, 'id': '621154853896323073', 'hoist': True, 'color': 15844367}, {'tags': {'bot_id': '621158876657614868'}, 'position': 3, 'permissions_new': '66186303', 'permissions': 66186303, 'name': 'PersonalBot', 'mentionable': False, 'managed': True, 'id': '621159347933937684', 'hoist': False, 'color': 0}, {'tags': {'bot_id': '623317451811061763'}, 'position': 5, 'permissions_new': '8', 'permissions': 8, 'name': 'MarwynnBot', 'mentionable': False, 'managed': True, 'id': '737816426114449518', 'hoist': False, 'color': 0}, {'tags': {'bot_id': '750728083169869885'}, 'position': 1, 'permissions_new': '2146958839', 'permissions': 2146958839, 'name': 'UCONN Smash Bot', 'mentionable': False, 'managed': True, 'id': '750752200883699766', 'hoist': False, 'color': 0}], 'presences': [{'user': {'id': '582218952126758913'}, 'status': 'dnd', 'game': {'type': 0, 'timestamps': {'start': 1599063629833}, 'state': 'Workspace: uconnsmashbot', 'name': 'Visual Studio Code', 'id': '4d441dce5de7a1d3', 'details': 'Editing bot.py', 'created_at': 1599063631698, 'assets': {'small_text': 'Visual Studio Code', 'small_image': '565945770067623946', 'large_text': 'Editing a PYTHON file', 'large_image': '565945350645481492'}, 'application_id': '383226320970055681'}, 'client_status': {'desktop': 'dnd'}, 'activities': [{'type': 0, 'timestamps': {'start': 1599063629833}, 'state': 'Workspace: uconnsmashbot', 'name': 'Visual Studio Code', 'id': '4d441dce5de7a1d3', 'details': 'Editing bot.py', 'created_at': 1599063631698, 'assets': {'small_text': 'Visual Studio Code', 'small_image': '565945770067623946', 'large_text': 'Editing a PYTHON file', 'large_image': '565945350645481492'}, 'application_id': '383226320970055681'}, {'type': 0, 'timestamps': {'start': 1599055012112}, 'name': 'Extension: Discord Presence-marwynnbot-Visual Studio Code', 'id': '8f559f2580d051a', 'created_at': 1599055013908}]}, {'user': {'id': '623317451811061763'}, 'status': 'online', 'game': {'type': 3, 'name': '9 servers!', 'id': 'ec0b28a579ecb4bd', 'created_at': 1599063661842}, 'client_status': {'web': 'online'}, 'activities': [{'type': 3, 'name': '9 servers!', 'id': 'ec0b28a579ecb4bd', 'created_at': 1599063661842}]}, {'user': {'id': '750728083169869885'}, 'status': 'online', 'game': None, 'client_status': {'web': 'online'}, 'activities': []}], 'lazy': True, 'mfa_level': 0, 'emojis': [{'roles': [], 'require_colons': True, 'name': '2H', 'managed': False, 'id': '738096935692402819', 'available': True, 'animated': False}, {'roles': [], 'require_colons': True, 'name': '4H', 'managed': False, 'id': '738096936040792076', 'available': True, 'animated': False}, {'roles': [], 'require_colons': True, 'name': 'QH', 'managed': False, 'id': '738096936262828073', 'available': True, 'animated': False}, {'roles': [], 'require_colons': True, 'name': '3H', 'managed': False, 'id': '738096936308965446', 'available': True, 'animated': False}, {'roles': [], 'require_colons': True, 'name': '10H', 'managed': False, 'id': '738096936363491330', 'available': True, 'animated': False}, {'roles': [], 'require_colons': True, 'name': '5H', 'managed': False, 'id': '738096936447508591', 'available': True, 'animated': False}, {'roles': [], 'require_colons': True, 'name': '6H', 'managed': False, 'id': '738096936485388319', 'available': True, 'animated': False}, {'roles': [], 'require_colons': True, 'name': '7H', 'managed': False, 'id': '738096936586051684', 'available': True, 'animated': False}, {'roles': [], 'require_colons': True, 'name': 'KH', 'managed': False, 'id': '738096936615149578', 'available': True, 'animated': False}, {'roles': [], 'require_colons': True, 'name': 'AH', 'managed': False, 'id': '738096936644771931', 'available': True, 'animated': False}, {'roles': [], 'require_colons': True, 'name': '8H', 'managed': False, 'id': '738096936657223850', 'available': True, 'animated': False}, {'roles': [], 'require_colons': True, 'name': 'JH', 'managed': False, 'id': '738096936703492243', 'available': True, 'animated': False}, {'roles': [], 'require_colons': True, 'name': '9H', 'managed': False, 'id': '738096936728395837', 'available': True, 'animated': False}, {'roles': [], 'require_colons': True, 'name': '3D', 'managed': False, 'id': '738096998410092655', 'available': True, 'animated': False}, {'roles': [], 'require_colons': True, 'name': '2D', 'managed': False, 'id': '738096998644973648', 'available': True, 'animated': False}, {'roles': [], 'require_colons': True, 'name': '4D', 'managed': False, 'id': '738096998758088704', 'available': True, 'animated': False}, {'roles': [], 'require_colons': True, 'name': '5D', 'managed': False, 'id': '738096998938574991', 'available': True, 'animated': False}, {'roles': [], 'require_colons': True, 'name': 'JD', 'managed': False, 'id': '738096998959284347', 'available': True, 'animated': False}, {'roles': [], 'require_colons': True, 'name': '9D', 'managed': False, 'id': '738096999026524231', 'available': True, 'animated': False}, {'roles': [], 'require_colons': True, 'name': '10D', 'managed': False, 'id': '738096999139639377', 'available': True, 'animated': False}, {'roles': [], 'require_colons': True, 'name': '7D', 'managed': False, 'id': '738096999173193838', 'available': True, 'animated': False}, {'roles': [], 'require_colons': True, 'name': 'QD', 'managed': False, 'id': '738096999190233178', 'available': True, 'animated': False}, {'roles': [], 'require_colons': True, 'name': 'AD', 'managed': False, 'id': '738096999278051448', 'available': True, 'animated': False}, {'roles': [], 'require_colons': True, 'name': '8D', 'managed': False, 'id': '738096999282376774', 'available': True, 'animated': False}, {'roles': [], 'require_colons': True, 'name': 'KD', 'managed': False, 'id': '738096999353549067', 'available': True, 'animated': False}, {'roles': [], 'require_colons': True, 'name': '6D', 'managed': False, 'id': '738096999358005310', 'available': True, 'animated': False}, {'roles': [], 'require_colons': True, 'name': '3S', 'managed': False, 'id': '738097035466637403', 'available': True, 'animated': False}, {'roles': [], 'require_colons': True, 'name': '4S', 'managed': False, 'id': '738097035529683045', 'available': True, 'animated': False}, {'roles': [], 'require_colons': True, 'name': '2S', 'managed': False, 'id': '738097035584077856', 'available': True, 'animated': False}, {'roles': [], 'require_colons': True, 'name': '8S', 'managed': False, 'id': '738097035621695530', 'available': True, 'animated': False}, {'roles': [], 'require_colons': True, 'name': '10S', 'managed': False, 'id': '738097035772690534', 'available': True, 'animated': False}, {'roles': [], 'require_colons': True, 'name': 'KS', 'managed': False, 'id': '738097035818827877', 'available': True, 'animated': False}, {'roles': [], 'require_colons': True, 'name': '5S', 'managed': False, 'id': '738097035856576542', 'available': True, 'animated': False}, {'roles': [], 'require_colons': True, 'name': '9S', 'managed': False, 'id': '738097035936268289', 'available': True, 'animated': False}, {'roles': [], 'require_colons': True, 'name': '6S', 'managed': False, 'id': '738097036037193839', 'available': True, 'animated': False}, {'roles': [], 'require_colons': True, 'name': 'QS', 'managed': False, 'id': '738097036041257100', 'available': True, 'animated': False}, {'roles': [], 'require_colons': True, 'name': '7S', 'managed': False, 'id': '738097036104171520', 'available': True, 'animated': False}, {'roles': [], 'require_colons': True, 'name': 'AS', 'managed': False, 'id': '738097037186170921', 'available': True, 'animated': False}, {'roles': [], 'require_colons': True, 'name': 'JS', 'managed': False, 'id': '738097037379371038', 'available': True, 'animated': False}, {'roles': [], 'require_colons': True, 'name': '2C', 'managed': False, 'id': '738097069637763092', 'available': True, 'animated': False}, {'roles': [], 'require_colons': True, 'name': '3C', 'managed': False, 'id': '738097069675511848', 'available': True, 'animated': False}, {'roles': [], 'require_colons': True, 'name': '4C', 'managed': False, 'id': '738097069738295306', 'available': True, 'animated': False}, {'roles': [], 'require_colons': True, 'name': '6C', 'managed': False, 'id': '738097070094680127', 'available': True, 'animated': False}, {'roles': [], 'require_colons': True, 'name': '5C', 'managed': False, 'id': '738097070228897793', 'available': True, 'animated': False}, {'roles': [], 'require_colons': True, 'name': 'AC', 'managed': False, 'id': '738097070233092208', 'available': True, 'animated': False}, {'roles': [], 'require_colons': True, 'name': '7C', 'managed': False, 'id': '738097070358921597', 'available': True, 'animated': False}, {'roles': [], 'require_colons': True, 'name': 'JC', 'managed': False, 'id': '738097070476361779', 'available': True, 'animated': False}, {'roles': [], 'require_colons': True, 'name': '9C', 'managed': False, 'id': '738097070489206925', 'available': True, 'animated': False}, {'roles': [], 'require_colons': True, 'name': '8C', 'managed': False, 'id': '738097070530887760', 'available': True, 'animated': False}, {'roles': [], 'require_colons': True, 'name': 'QC', 'managed': False, 'id': '738097070530887770', 'available': True, 'animated': False}], 'application_id': None, 'banner': None, 'afk_timeout': 300, 'premium_tier': 0, 'large': False, 'member_count': 5, 'icon': 'fc728723975e6c32b08e92676db298fe', 'vanity_url_code': None, 'rules_channel_id': None, 'id': '582248350405886164', 'system_channel_flags': 0, 'features': [], 'description': None}}
2020-09-02 12:21:11,368:DEBUG:discord.client: Dispatching event socket_response
2020-09-02 12:21:11,371:DEBUG:discord.client: Dispatching event guild_join
2020-09-02 12:21:11,372:DEBUG:discord.client: Dispatching event socket_raw_receive
2020-09-02 12:21:11,372:DEBUG:discord.gateway: For Shard ID 0: WebSocket Event: {'t': 'GUILD_MEMBER_UPDATE', 's': 3, 'op': 0, 'd': {'user': {'username': 'UCONN Smash Bot', 'id': '750728083169869885', 'discriminator': '7453', 'bot': True, 'avatar': 'dda73cfa0c4a489463f1daf7483341cd'}, 'roles': ['750752200883699766'], 'premium_since': None, 'nick': None, 'mute': False, 'joined_at': '2020-09-02T16:21:13.100460+00:00', 'hoisted_role': None, 'guild_id': '582248350405886164', 'deaf': False}}
2020-09-02 12:21:11,373:DEBUG:discord.client: Dispatching event socket_response
2020-09-02 12:21:11,373:DEBUG:discord.client: Dispatching event member_update
2020-09-02 12:21:11,426:DEBUG:discord.client: Dispatching event socket_raw_receive
2020-09-02 12:21:11,426:DEBUG:discord.gateway: For Shard ID 0: WebSocket Event: {'t': 'MESSAGE_CREATE', 's': 4, 'op': 0, 'd': {'type': 7, 'tts': False, 'timestamp': '2020-09-02T16:21:13.162000+00:00', 'pinned': False, 'mentions': [], 'mention_roles': [], 'mention_everyone': False, 'member': {'roles': ['750752200883699766'], 'premium_since': None, 'nick': None, 'mute': False, 'joined_at': '2020-09-02T16:21:13.100460+00:00', 'hoisted_role': None, 'deaf': False}, 'id': '750752201596731434', 'flags': 0, 'embeds': [], 'edited_timestamp': None, 'content': '', 'channel_id': '582248351274369046', 'author': {'username': 'UCONN Smash Bot', 'public_flags': 0, 'id': '750728083169869885', 'discriminator': '7453', 'bot': True, 'avatar': 'dda73cfa0c4a489463f1daf7483341cd'}, 'attachments': [], 'guild_id': '582248350405886164'}}
2020-09-02 12:21:11,427:DEBUG:discord.client: Dispatching event socket_response
2020-09-02 12:21:11,427:DEBUG:discord.client: Dispatching event message
2020-09-02 12:21:13,469:DEBUG:discord.gateway: Keeping shard ID 0 websocket alive with sequence 4.
2020-09-02 12:21:13,469:DEBUG:discord.client: Dispatching event socket_raw_send
2020-09-02 12:21:13,519:DEBUG:discord.client: Dispatching event socket_raw_receive
2020-09-02 12:21:13,519:DEBUG:discord.gateway: For Shard ID 0: WebSocket Event: {'t': None, 's': None, 'op': 11, 'd': None}
2020-09-02 12:21:13,519:DEBUG:discord.client: Dispatching event socket_response
2020-09-02 12:21:39,468:DEBUG:discord.client: Dispatching event socket_raw_receive
2020-09-02 12:21:39,470:DEBUG:discord.gateway: For Shard ID 0: WebSocket Event: {'t': 'PRESENCE_UPDATE', 's': 5, 'op': 0, 'd': {'user': {'id': '582218952126758913'}, 'status': 'dnd', 'roles': ['621154853896323073'], 'guild_id': '582248350405886164', 'game': {'type': 0, 'timestamps': {'start': 1599063699328}, 'state': 'Workspace: uconnsmashbot', 'name': 'Visual Studio Code', 'id': '4d441dce5de7a1d3', 'details': 'Editing .env', 'created_at': 1599063701218, 'assets': {'small_text': 'Visual Studio Code', 'small_image': '565945770067623946', 'large_text': 'Editing a ENV file', 'large_image': '565944478549016577'}, 'application_id': '383226320970055681'}, 'client_status': {'desktop': 'dnd'}, 'activities': [{'type': 0, 'timestamps': {'start': 1599063699328}, 'state': 'Workspace: uconnsmashbot', 'name': 'Visual Studio Code', 'id': '4d441dce5de7a1d3', 'details': 'Editing .env', 'created_at': 1599063701218, 'assets': {'small_text': 'Visual Studio Code', 'small_image': '565945770067623946', 'large_text': 'Editing a ENV file', 'large_image': '565944478549016577'}, 'application_id': '383226320970055681'}, {'type': 0, 'timestamps': {'start': 1599055012112}, 'name': 'Extension: Discord Presence-marwynnbot-Visual Studio Code', 'id': '8f559f2580d051a', 'created_at': 1599055013908}]}}
2020-09-02 12:21:39,470:DEBUG:discord.client: Dispatching event socket_response
2020-09-02 12:21:39,470:DEBUG:discord.client: Dispatching event member_update
2020-09-02 12:21:40,442:DEBUG:discord.client: Dispatching event socket_raw_receive
2020-09-02 12:21:40,442:DEBUG:discord.gateway: For Shard ID 0: WebSocket Event: {'t': 'PRESENCE_UPDATE', 's': 6, 'op': 0, 'd': {'user': {'id': '582218952126758913'}, 'status': 'dnd', 'roles': ['621154853896323073'], 'guild_id': '582248350405886164', 'game': {'type': 0, 'state': 'Workspace: notes', 'name': 'Visual Studio Code', 'id': '4d441dce5de7a1d3', 'details': 'Editing BIOL-1107.md', 'created_at': 1599063702181, 'assets': {'small_text': 'Visual Studio Code', 'small_image': '565945770067623946', 'large_text': 'Idling', 'large_image': '565945768817590282'}, 'application_id': '383226320970055681'}, 'client_status': {'desktop': 'dnd'}, 'activities': [{'type': 0, 'state': 'Workspace: notes', 'name': 'Visual Studio Code', 'id': '4d441dce5de7a1d3', 'details': 'Editing BIOL-1107.md', 'created_at': 1599063702181, 'assets': {'small_text': 'Visual Studio Code', 'small_image': '565945770067623946', 'large_text': 'Idling', 'large_image': '565945768817590282'}, 'application_id': '383226320970055681'}, {'type': 0, 'timestamps': {'start': 1599055012112}, 'name': 'Extension: Discord Presence-marwynnbot-Visual Studio Code', 'id': '8f559f2580d051a', 'created_at': 1599055013908}]}}
2020-09-02 12:21:40,442:DEBUG:discord.client: Dispatching event socket_response
2020-09-02 12:21:40,442:DEBUG:discord.client: Dispatching event member_update
2020-09-02 12:21:54,734:DEBUG:discord.gateway: Keeping shard ID 0 websocket alive with sequence 6.
2020-09-02 12:21:54,734:DEBUG:discord.client: Dispatching event socket_raw_send
2020-09-02 12:21:54,781:DEBUG:discord.client: Dispatching event socket_raw_receive
2020-09-02 12:21:54,781:DEBUG:discord.gateway: For Shard ID 0: WebSocket Event: {'t': None, 's': None, 'op': 11, 'd': None}
2020-09-02 12:21:54,781:DEBUG:discord.client: Dispatching event socket_response
2020-09-02 12:22:35,991:DEBUG:discord.gateway: Keeping shard ID 0 websocket alive with sequence 6.
2020-09-02 12:22:35,991:DEBUG:discord.client: Dispatching event socket_raw_send
2020-09-02 12:22:36,038:DEBUG:discord.client: Dispatching event socket_raw_receive
2020-09-02 12:22:36,039:DEBUG:discord.gateway: For Shard ID 0: WebSocket Event: {'t': None, 's': None, 'op': 11, 'd': None}
2020-09-02 12:22:36,039:DEBUG:discord.client: Dispatching event socket_response
2020-09-02 12:23:00,052:DEBUG:discord.client: Dispatching event socket_raw_receive
2020-09-02 12:23:00,052:DEBUG:discord.gateway: For Shard ID 0: WebSocket Event: {'t': 'PRESENCE_UPDATE', 's': 7, 'op': 0, 'd': {'user': {'id': '623317451811061763'}, 'status': 'online', 'roles': ['621154853896323073', '737816426114449518'], 'guild_id': '582248350405886164', 'game': {'type': 0, 'name': 'Under development [WIP]', 'id': 'ec0b28a579ecb4bd', 'created_at': 1599063781837}, 'client_status': {'web': 'online'}, 'activities': [{'type': 0, 'name': 'Under development [WIP]', 'id': 'ec0b28a579ecb4bd', 'created_at': 1599063781837}]}}
2020-09-02 12:23:00,053:DEBUG:discord.client: Dispatching event socket_response
2020-09-02 12:23:00,053:DEBUG:discord.client: Dispatching event member_update
2020-09-02 12:23:17,243:DEBUG:discord.gateway: Keeping shard ID 0 websocket alive with sequence 7.
2020-09-02 12:23:17,243:DEBUG:discord.client: Dispatching event socket_raw_send
2020-09-02 12:23:17,292:DEBUG:discord.client: Dispatching event socket_raw_receive
2020-09-02 12:23:17,293:DEBUG:discord.gateway: For Shard ID 0: WebSocket Event: {'t': None, 's': None, 'op': 11, 'd': None}
2020-09-02 12:23:17,293:DEBUG:discord.client: Dispatching event socket_response
2020-09-02 12:23:58,498:DEBUG:discord.gateway: Keeping shard ID 0 websocket alive with sequence 7.
2020-09-02 12:23:58,498:DEBUG:discord.client: Dispatching event socket_raw_send
2020-09-02 12:23:58,558:DEBUG:discord.client: Dispatching event socket_raw_receive
2020-09-02 12:23:58,558:DEBUG:discord.gateway: For Shard ID 0: WebSocket Event: {'t': None, 's': None, 'op': 11, 'd': None}
2020-09-02 12:23:58,558:DEBUG:discord.client: Dispatching event socket_response
2020-09-02 12:24:39,757:DEBUG:discord.gateway: Keeping shard ID 0 websocket alive with sequence 7.
2020-09-02 12:24:39,757:DEBUG:discord.client: Dispatching event socket_raw_send
2020-09-02 12:24:39,806:DEBUG:discord.client: Dispatching event socket_raw_receive
2020-09-02 12:24:39,807:DEBUG:discord.gateway: For Shard ID 0: WebSocket Event: {'t': None, 's': None, 'op': 11, 'd': None}
2020-09-02 12:24:39,807:DEBUG:discord.client: Dispatching event socket_response
2020-09-02 12:25:21,007:DEBUG:discord.gateway: Keeping shard ID 0 websocket alive with sequence 7.
2020-09-02 12:25:21,007:DEBUG:discord.client: Dispatching event socket_raw_send
2020-09-02 12:25:21,061:DEBUG:discord.client: Dispatching event socket_raw_receive
2020-09-02 12:25:21,061:DEBUG:discord.gateway: For Shard ID 0: WebSocket Event: {'t': None, 's': None, 'op': 11, 'd': None}
2020-09-02 12:25:21,061:DEBUG:discord.client: Dispatching event socket_response
2020-09-02 12:26:02,266:DEBUG:discord.gateway: Keeping shard ID 0 websocket alive with sequence 7.
2020-09-02 12:26:02,268:DEBUG:discord.client: Dispatching event socket_raw_send
2020-09-02 12:26:02,325:DEBUG:discord.client: Dispatching event socket_raw_receive
2020-09-02 12:26:02,326:DEBUG:discord.gateway: For Shard ID 0: WebSocket Event: {'t': None, 's': None, 'op': 11, 'd': None}
2020-09-02 12:26:02,326:DEBUG:discord.client: Dispatching event socket_response
2020-09-02 12:26:43,521:DEBUG:discord.gateway: Keeping shard ID 0 websocket alive with sequence 7.
2020-09-02 12:26:43,521:DEBUG:discord.client: Dispatching event socket_raw_send
2020-09-02 12:26:43,597:DEBUG:discord.client: Dispatching event socket_raw_receive
2020-09-02 12:26:43,597:DEBUG:discord.gateway: For Shard ID 0: WebSocket Event: {'t': None, 's': None, 'op': 11, 'd': None}
2020-09-02 12:26:43,597:DEBUG:discord.client: Dispatching event socket_response
2020-09-02 12:27:24,775:DEBUG:discord.gateway: Keeping shard ID 0 websocket alive with sequence 7.
2020-09-02 12:27:24,775:DEBUG:discord.client: Dispatching event socket_raw_send
2020-09-02 12:27:24,827:DEBUG:discord.client: Dispatching event socket_raw_receive
2020-09-02 12:27:24,827:DEBUG:discord.gateway: For Shard ID 0: WebSocket Event: {'t': None, 's': None, 'op': 11, 'd': None}
2020-09-02 12:27:24,827:DEBUG:discord.client: Dispatching event socket_response
2020-09-02 12:28:06,036:DEBUG:discord.gateway: Keeping shard ID 0 websocket alive with sequence 7.
2020-09-02 12:28:06,036:DEBUG:discord.client: Dispatching event socket_raw_send
2020-09-02 12:28:06,079:DEBUG:discord.client: Dispatching event socket_raw_receive
2020-09-02 12:28:06,079:DEBUG:discord.gateway: For Shard ID 0: WebSocket Event: {'t': None, 's': None, 'op': 11, 'd': None}
2020-09-02 12:28:06,079:DEBUG:discord.client: Dispatching event socket_response
2020-09-02 12:28:47,301:DEBUG:discord.gateway: Keeping shard ID 0 websocket alive with sequence 7.
2020-09-02 12:28:47,301:DEBUG:discord.client: Dispatching event socket_raw_send
2020-09-02 12:28:47,345:DEBUG:discord.client: Dispatching event socket_raw_receive
2020-09-02 12:28:47,345:DEBUG:discord.gateway: For Shard ID 0: WebSocket Event: {'t': None, 's': None, 'op': 11, 'd': None}
2020-09-02 12:28:47,345:DEBUG:discord.client: Dispatching event socket_response
2020-09-02 12:29:00,065:DEBUG:discord.client: Dispatching event socket_raw_receive
2020-09-02 12:29:00,065:DEBUG:discord.gateway: For Shard ID 0: WebSocket Event: {'t': 'PRESENCE_UPDATE', 's': 8, 'op': 0, 'd': {'user': {'id': '623317451811061763'}, 'status': 'online', 'roles': ['621154853896323073', '737816426114449518'], 'guild_id': '582248350405886164', 'game': {'type': 3, 'name': '9 servers!', 'id': 'ec0b28a579ecb4bd', 'created_at': 1599064141843}, 'client_status': {'web': 'online'}, 'activities': [{'type': 3, 'name': '9 servers!', 'id': 'ec0b28a579ecb4bd', 'created_at': 1599064141843}]}}
2020-09-02 12:29:00,065:DEBUG:discord.client: Dispatching event socket_response
2020-09-02 12:29:00,065:DEBUG:discord.client: Dispatching event member_update
2020-09-02 12:29:28,560:DEBUG:discord.gateway: Keeping shard ID 0 websocket alive with sequence 8.
2020-09-02 12:29:28,560:DEBUG:discord.client: Dispatching event socket_raw_send
2020-09-02 12:29:28,623:DEBUG:discord.client: Dispatching event socket_raw_receive
2020-09-02 12:29:28,623:DEBUG:discord.gateway: For Shard ID 0: WebSocket Event: {'t': None, 's': None, 'op': 11, 'd': None}
2020-09-02 12:29:28,623:DEBUG:discord.client: Dispatching event socket_response
2020-09-02 12:30:09,813:DEBUG:discord.gateway: Keeping shard ID 0 websocket alive with sequence 8.
2020-09-02 12:30:09,813:DEBUG:discord.client: Dispatching event socket_raw_send
2020-09-02 12:30:09,864:DEBUG:discord.client: Dispatching event socket_raw_receive
2020-09-02 12:30:09,864:DEBUG:discord.gateway: For Shard ID 0: WebSocket Event: {'t': None, 's': None, 'op': 11, 'd': None}
2020-09-02 12:30:09,864:DEBUG:discord.client: Dispatching event socket_response
2020-09-02 12:30:51,070:DEBUG:discord.gateway: Keeping shard ID 0 websocket alive with sequence 8.
2020-09-02 12:30:51,070:DEBUG:discord.client: Dispatching event socket_raw_send
2020-09-02 12:30:51,119:DEBUG:discord.client: Dispatching event socket_raw_receive
2020-09-02 12:30:51,119:DEBUG:discord.gateway: For Shard ID 0: WebSocket Event: {'t': None, 's': None, 'op': 11, 'd': None}
2020-09-02 12:30:51,119:DEBUG:discord.client: Dispatching event socket_response
2020-09-02 12:31:00,123:DEBUG:discord.client: Dispatching event socket_raw_receive
2020-09-02 12:31:00,123:DEBUG:discord.gateway: For Shard ID 0: WebSocket Event: {'t': 'PRESENCE_UPDATE', 's': 9, 'op': 0, 'd': {'user': {'id': '623317451811061763'}, 'status': 'online', 'roles': ['621154853896323073', '737816426114449518'], 'guild_id': '582248350405886164', 'game': {'type': 2, 'name': 'm!h for help!', 'id': 'ec0b28a579ecb4bd', 'created_at': 1599064261889}, 'client_status': {'web': 'online'}, 'activities': [{'type': 2, 'name': 'm!h for help!', 'id': 'ec0b28a579ecb4bd', 'created_at': 1599064261889}]}}
2020-09-02 12:31:00,123:DEBUG:discord.client: Dispatching event socket_response
2020-09-02 12:31:00,124:DEBUG:discord.client: Dispatching event member_update
2020-09-02 12:31:32,323:DEBUG:discord.gateway: Keeping shard ID 0 websocket alive with sequence 9.
2020-09-02 12:31:32,323:DEBUG:discord.client: Dispatching event socket_raw_send
2020-09-02 12:31:32,375:DEBUG:discord.client: Dispatching event socket_raw_receive
2020-09-02 12:31:32,375:DEBUG:discord.gateway: For Shard ID 0: WebSocket Event: {'t': None, 's': None, 'op': 11, 'd': None}
2020-09-02 12:31:32,375:DEBUG:discord.client: Dispatching event socket_response
2020-09-02 12:32:13,587:DEBUG:discord.gateway: Keeping shard ID 0 websocket alive with sequence 9.
2020-09-02 12:32:13,587:DEBUG:discord.client: Dispatching event socket_raw_send
2020-09-02 12:32:13,654:DEBUG:discord.client: Dispatching event socket_raw_receive
2020-09-02 12:32:13,654:DEBUG:discord.gateway: For Shard ID 0: WebSocket Event: {'t': None, 's': None, 'op': 11, 'd': None}
2020-09-02 12:32:13,654:DEBUG:discord.client: Dispatching event socket_response
2020-09-02 12:32:54,850:DEBUG:discord.gateway: Keeping shard ID 0 websocket alive with sequence 9.
2020-09-02 12:32:54,850:DEBUG:discord.client: Dispatching event socket_raw_send
2020-09-02 12:32:54,899:DEBUG:discord.client: Dispatching event socket_raw_receive
2020-09-02 12:32:54,900:DEBUG:discord.gateway: For Shard ID 0: WebSocket Event: {'t': None, 's': None, 'op': 11, 'd': None}
2020-09-02 12:32:54,900:DEBUG:discord.client: Dispatching event socket_response
2020-09-02 12:33:00,046:DEBUG:discord.client: Dispatching event socket_raw_receive
2020-09-02 12:33:00,046:DEBUG:discord.gateway: For Shard ID 0: WebSocket Event: {'t': 'PRESENCE_UPDATE', 's': 10, 'op': 0, 'd': {'user': {'id': '623317451811061763'}, 'status': 'online', 'roles': ['621154853896323073', '737816426114449518'], 'guild_id': '582248350405886164', 'game': {'type': 3, 'name': '23955 users!', 'id': 'ec0b28a579ecb4bd', 'created_at': 1599064381835}, 'client_status': {'web': 'online'}, 'activities': [{'type': 3, 'name': '23955 users!', 'id': 'ec0b28a579ecb4bd', 'created_at': 1599064381835}]}}
2020-09-02 12:33:00,047:DEBUG:discord.client: Dispatching event socket_response
2020-09-02 12:33:00,047:DEBUG:discord.client: Dispatching event member_update
2020-09-02 12:33:36,107:DEBUG:discord.gateway: Keeping shard ID 0 websocket alive with sequence 10.
2020-09-02 12:33:36,107:DEBUG:discord.client: Dispatching event socket_raw_send
2020-09-02 12:33:36,153:DEBUG:discord.client: Dispatching event socket_raw_receive
2020-09-02 12:33:36,154:DEBUG:discord.gateway: For Shard ID 0: WebSocket Event: {'t': None, 's': None, 'op': 11, 'd': None}
2020-09-02 12:33:36,154:DEBUG:discord.client: Dispatching event socket_response
2020-09-02 12:34:00,132:DEBUG:discord.client: Dispatching event socket_raw_receive
2020-09-02 12:34:00,133:DEBUG:discord.gateway: For Shard ID 0: WebSocket Event: {'t': 'CHANNEL_UPDATE', 's': 11, 'op': 0, 'd': {'user_limit': 0, 'type': 2, 'position': 6, 'permission_overwrites': [{'type': 'role', 'id': '582248350405886164', 'deny_new': '1048576', 'deny': 1048576, 'allow_new': '0', 'allow': 0}], 'parent_id': '749028143330754641', 'nsfw': False, 'name': '📜Roles: 5', 'id': '749028146560499723', 'guild_id': '582248350405886164', 'guild_hashes': {'version': 1, 'roles': {'hash': 'puwXGP40jPQ'}, 'metadata': {'hash': 'Ah4rN946vPM'}, 'channels': {'hash': '/YPeRR1TF7U'}}, 'bitrate': 64000}}
2020-09-02 12:34:00,133:DEBUG:discord.client: Dispatching event socket_response
2020-09-02 12:34:00,133:DEBUG:discord.client: Dispatching event guild_channel_update
2020-09-02 12:34:17,357:DEBUG:discord.gateway: Keeping shard ID 0 websocket alive with sequence 11.
2020-09-02 12:34:17,358:DEBUG:discord.client: Dispatching event socket_raw_send
2020-09-02 12:34:17,405:DEBUG:discord.client: Dispatching event socket_raw_receive
2020-09-02 12:34:17,406:DEBUG:discord.gateway: For Shard ID 0: WebSocket Event: {'t': None, 's': None, 'op': 11, 'd': None}
2020-09-02 12:34:17,406:DEBUG:discord.client: Dispatching event socket_response
2020-09-02 12:34:58,618:DEBUG:discord.gateway: Keeping shard ID 0 websocket alive with sequence 11.
2020-09-02 12:34:58,618:DEBUG:discord.client: Dispatching event socket_raw_send
2020-09-02 12:34:58,671:DEBUG:discord.client: Dispatching event socket_raw_receive
2020-09-02 12:34:58,671:DEBUG:discord.gateway: For Shard ID 0: WebSocket Event: {'t': None, 's': None, 'op': 11, 'd': None}
2020-09-02 12:34:58,671:DEBUG:discord.client: Dispatching event socket_response
2020-09-02 12:35:00,034:DEBUG:discord.client: Dispatching event socket_raw_receive
2020-09-02 12:35:00,034:DEBUG:discord.gateway: For Shard ID 0: WebSocket Event: {'t': 'PRESENCE_UPDATE', 's': 12, 'op': 0, 'd': {'user': {'id': '623317451811061763'}, 'status': 'online', 'roles': ['621154853896323073', '737816426114449518'], 'guild_id': '582248350405886164', 'game': {'type': 3, 'name': 'MS Arranges#3060 for source code info', 'id': 'ec0b28a579ecb4bd', 'created_at': 1599064501819}, 'client_status': {'web': 'online'}, 'activities': [{'type': 3, 'name': 'MS Arranges#3060 for source code info', 'id': 'ec0b28a579ecb4bd', 'created_at': 1599064501819}]}}
2020-09-02 12:35:00,034:DEBUG:discord.client: Dispatching event socket_response
2020-09-02 12:35:00,034:DEBUG:discord.client: Dispatching event member_update
2020-09-02 12:35:39,877:DEBUG:discord.gateway: Keeping shard ID 0 websocket alive with sequence 12.
2020-09-02 12:35:39,877:DEBUG:discord.client: Dispatching event socket_raw_send
2020-09-02 12:35:39,921:DEBUG:discord.client: Dispatching event socket_raw_receive
2020-09-02 12:35:39,921:DEBUG:discord.gateway: For Shard ID 0: WebSocket Event: {'t': None, 's': None, 'op': 11, 'd': None}
2020-09-02 12:35:39,921:DEBUG:discord.client: Dispatching event socket_response
2020-09-02 12:36:21,142:DEBUG:discord.gateway: Keeping shard ID 0 websocket alive with sequence 12.
2020-09-02 12:36:21,142:DEBUG:discord.client: Dispatching event socket_raw_send
2020-09-02 12:36:21,193:DEBUG:discord.client: Dispatching event socket_raw_receive
2020-09-02 12:36:21,193:DEBUG:discord.gateway: For Shard ID 0: WebSocket Event: {'t': None, 's': None, 'op': 11, 'd': None}
2020-09-02 12:36:21,193:DEBUG:discord.client: Dispatching event socket_response
2020-09-02 12:37:00,090:DEBUG:discord.client: Dispatching event socket_raw_receive
2020-09-02 12:37:00,091:DEBUG:discord.gateway: For Shard ID 0: WebSocket Event: {'t': 'PRESENCE_UPDATE', 's': 13, 'op': 0, 'd': {'user': {'id': '623317451811061763'}, 'status': 'online', 'roles': ['621154853896323073', '737816426114449518'], 'guild_id': '582248350405886164', 'game': {'type': 3, 'name': '9 servers!', 'id': 'ec0b28a579ecb4bd', 'created_at': 1599064621859}, 'client_status': {'web': 'online'}, 'activities': [{'type': 3, 'name': '9 servers!', 'id': 'ec0b28a579ecb4bd', 'created_at': 1599064621859}]}}
2020-09-02 12:37:00,091:DEBUG:discord.client: Dispatching event socket_response
2020-09-02 12:37:00,091:DEBUG:discord.client: Dispatching event member_update
2020-09-02 12:37:02,395:DEBUG:discord.gateway: Keeping shard ID 0 websocket alive with sequence 13.
2020-09-02 12:37:02,395:DEBUG:discord.client: Dispatching event socket_raw_send
2020-09-02 12:37:02,467:DEBUG:discord.client: Dispatching event socket_raw_receive
2020-09-02 12:37:02,467:DEBUG:discord.gateway: For Shard ID 0: WebSocket Event: {'t': None, 's': None, 'op': 11, 'd': None}
2020-09-02 12:37:02,467:DEBUG:discord.client: Dispatching event socket_response
2020-09-02 12:37:43,659:DEBUG:discord.gateway: Keeping shard ID 0 websocket alive with sequence 13.
2020-09-02 12:37:43,660:DEBUG:discord.client: Dispatching event socket_raw_send
2020-09-02 12:37:43,727:DEBUG:discord.client: Dispatching event socket_raw_receive
2020-09-02 12:37:43,727:DEBUG:discord.gateway: For Shard ID 0: WebSocket Event: {'t': None, 's': None, 'op': 11, 'd': None}
2020-09-02 12:37:43,727:DEBUG:discord.client: Dispatching event socket_response
2020-09-02 12:38:08,844:DEBUG:discord.client: Dispatching event socket_raw_receive
2020-09-02 12:38:08,844:DEBUG:discord.gateway: For Shard ID 0: WebSocket Event: {'t': 'PRESENCE_UPDATE', 's': 14, 'op': 0, 'd': {'user': {'id': '582218952126758913'}, 'status': 'dnd', 'roles': ['621154853896323073'], 'guild_id': '582248350405886164', 'game': {'type': 0, 'timestamps': {'start': 1599063700330}, 'state': 'Workspace: uconnsmashbot', 'name': 'Visual Studio Code', 'id': '4d441dce5de7a1d3', 'details': 'Editing bot.py', 'created_at': 1599064690601, 'assets': {'small_text': 'Visual Studio Code', 'small_image': '565945770067623946', 'large_text': 'Editing a PYTHON file', 'large_image': '565945350645481492'}, 'application_id': '383226320970055681'}, 'client_status': {'desktop': 'dnd'}, 'activities': [{'type': 0, 'timestamps': {'start': 1599063700330}, 'state': 'Workspace: uconnsmashbot', 'name': 'Visual Studio Code', 'id': '4d441dce5de7a1d3', 'details': 'Editing bot.py', 'created_at': 1599064690601, 'assets': {'small_text': 'Visual Studio Code', 'small_image': '565945770067623946', 'large_text': 'Editing a PYTHON file', 'large_image': '565945350645481492'}, 'application_id': '383226320970055681'}, {'type': 0, 'timestamps': {'start': 1599055012112}, 'name': 'Extension: Discord Presence-marwynnbot-Visual Studio Code', 'id': '8f559f2580d051a', 'created_at': 1599055013908}]}}
2020-09-02 12:38:08,844:DEBUG:discord.client: Dispatching event socket_response
2020-09-02 12:38:08,844:DEBUG:discord.client: Dispatching event member_update
2020-09-02 12:38:12,852:DEBUG:discord.client: Dispatching event socket_raw_receive
2020-09-02 12:38:12,852:DEBUG:discord.gateway: For Shard ID 0: WebSocket Event: {'t': 'PRESENCE_UPDATE', 's': 15, 'op': 0, 'd': {'user': {'id': '582218952126758913'}, 'status': 'dnd', 'roles': ['621154853896323073'], 'guild_id': '582248350405886164', 'game': {'type': 0, 'timestamps': {'start': 1599064692752}, 'state': 'Workspace: marwynnbot', 'name': 'Visual Studio Code', 'id': '4d441dce5de7a1d3', 'details': 'Editing disboard.py', 'created_at': 1599064694615, 'assets': {'small_text': 'Visual Studio Code', 'small_image': '565945770067623946', 'large_text': 'Editing a PYTHON file', 'large_image': '565945350645481492'}, 'application_id': '383226320970055681'}, 'client_status': {'desktop': 'dnd'}, 'activities': [{'type': 0, 'timestamps': {'start': 1599064692752}, 'state': 'Workspace: marwynnbot', 'name': 'Visual Studio Code', 'id': '4d441dce5de7a1d3', 'details': 'Editing disboard.py', 'created_at': 1599064694615, 'assets': {'small_text': 'Visual Studio Code', 'small_image': '565945770067623946', 'large_text': 'Editing a PYTHON file', 'large_image': '565945350645481492'}, 'application_id': '383226320970055681'}, {'type': 0, 'timestamps': {'start': 1599055012112}, 'name': 'Extension: Discord Presence-marwynnbot-Visual Studio Code', 'id': '8f559f2580d051a', 'created_at': 1599055013908}]}}
2020-09-02 12:38:12,852:DEBUG:discord.client: Dispatching event socket_response
2020-09-02 12:38:12,852:DEBUG:discord.client: Dispatching event member_update
2020-09-02 12:38:21,677:DEBUG:discord.client: Dispatching event socket_raw_receive
2020-09-02 12:38:21,677:DEBUG:discord.gateway: For Shard ID 0: WebSocket Event: {'t': 'TYPING_START', 's': 16, 'op': 0, 'd': {'user_id': '582218952126758913', 'timestamp': 1599064703, 'member': {'user': {'username': 'MS Arranges', 'id': '582218952126758913', 'discriminator': '3060', 'avatar': '2cd89f9dc677ba00755ce2c1988f464b'}, 'roles': ['621154853896323073'], 'mute': False, 'joined_at': '2019-05-26T16:47:04.570000+00:00', 'hoisted_role': '621154853896323073', 'deaf': False}, 'channel_id': '621887688915550208', 'guild_id': '582248350405886164'}}
2020-09-02 12:38:21,677:DEBUG:discord.client: Dispatching event socket_response
2020-09-02 12:38:21,678:DEBUG:discord.client: Dispatching event typing
2020-09-02 12:38:22,347:DEBUG:discord.client: Dispatching event socket_raw_receive
2020-09-02 12:38:22,348:DEBUG:discord.gateway: For Shard ID 0: WebSocket Event: {'t': 'MESSAGE_CREATE', 's': 17, 'op': 0, 'd': {'type': 0, 'tts': False, 'timestamp': '2020-09-02T16:38:24.115000+00:00', 'pinned': False, 'nonce': '750756517875023872', 'mentions': [], 'mention_roles': [], 'mention_everyone': False, 'member': {'roles': ['621154853896323073'], 'mute': False, 'joined_at': '2019-05-26T16:47:04.570000+00:00', 'hoisted_role': '621154853896323073', 'deaf': False}, 'id': '750756525727023236', 'flags': 0, 'embeds': [], 'edited_timestamp': None, 'content': 'm!welcomer create', 'channel_id': '621887688915550208', 'author': {'username': 'MS Arranges', 'public_flags': 0, 'id': '582218952126758913', 'discriminator': '3060', 'avatar': '2cd89f9dc677ba00755ce2c1988f464b'}, 'attachments': [], 'guild_id': '582248350405886164'}}
2020-09-02 12:38:22,348:DEBUG:discord.client: Dispatching event socket_response
2020-09-02 12:38:22,348:DEBUG:discord.client: Dispatching event message
2020-09-02 12:38:22,548:DEBUG:discord.client: Dispatching event socket_raw_receive
2020-09-02 12:38:22,548:DEBUG:discord.gateway: For Shard ID 0: WebSocket Event: {'t': 'MESSAGE_DELETE', 's': 18, 'op': 0, 'd': {'id': '750756525727023236', 'channel_id': '621887688915550208', 'guild_id': '582248350405886164'}}
2020-09-02 12:38:22,549:DEBUG:discord.client: Dispatching event socket_response
2020-09-02 12:38:22,549:DEBUG:discord.client: Dispatching event raw_message_delete
2020-09-02 12:38:22,549:DEBUG:discord.client: Dispatching event message_delete
2020-09-02 12:38:22,652:DEBUG:discord.client: Dispatching event socket_raw_receive
2020-09-02 12:38:22,652:DEBUG:discord.gateway: For Shard ID 0: WebSocket Event: {'t': 'MESSAGE_CREATE', 's': 19, 'op': 0, 'd': {'type': 0, 'tts': False, 'timestamp': '2020-09-02T16:38:24.438000+00:00', 'pinned': False, 'mentions': [], 'mention_roles': [], 'mention_everyone': False, 'member': {'roles': ['621154853896323073', '737816426114449518'], 'mute': False, 'joined_at': '2020-07-28T23:39:03.966000+00:00', 'hoisted_role': '621154853896323073', 'deaf': False}, 'id': '750756527081783436', 'flags': 0, 'embeds': [{'type': 'rich', 'title': 'Missing Required Argument', 'description': '<@582218952126758913>, `[ctx]` is a required argument', 'color': 10038562}], 'edited_timestamp': None, 'content': '', 'channel_id': '621887688915550208', 'author': {'username': 'MarwynnBot', 'public_flags': 0, 'id': '623317451811061763', 'discriminator': '0579', 'bot': True, 'avatar': '31844d8265d6a7a1b1dbbe2b4cfcfb30'}, 'attachments': [], 'guild_id': '582248350405886164'}}
2020-09-02 12:38:22,652:DEBUG:discord.client: Dispatching event socket_response
2020-09-02 12:38:22,652:DEBUG:discord.client: Dispatching event message
2020-09-02 12:38:22,678:DEBUG:discord.client: Dispatching event socket_raw_receive
2020-09-02 12:38:22,678:DEBUG:discord.gateway: For Shard ID 0: WebSocket Event: {'t': 'MESSAGE_UPDATE', 's': 20, 'op': 0, 'd': {'id': '750756527081783436', 'embeds': [{'type': 'rich', 'title': 'Missing Required Argument', 'description': '<@582218952126758913>, `[ctx]` is a required argument', 'color': 10038562}], 'channel_id': '621887688915550208', 'guild_id': '582248350405886164'}}
2020-09-02 12:38:22,678:DEBUG:discord.client: Dispatching event socket_response
2020-09-02 12:38:22,678:DEBUG:discord.client: Dispatching event raw_message_edit
2020-09-02 12:38:22,679:DEBUG:discord.client: Dispatching event message_edit
2020-09-02 12:38:24,911:DEBUG:discord.gateway: Keeping shard ID 0 websocket alive with sequence 20.
2020-09-02 12:38:24,911:DEBUG:discord.client: Dispatching event socket_raw_send
2020-09-02 12:38:24,980:DEBUG:discord.client: Dispatching event socket_raw_receive
2020-09-02 12:38:24,980:DEBUG:discord.gateway: For Shard ID 0: WebSocket Event: {'t': None, 's': None, 'op': 11, 'd': None}
2020-09-02 12:38:24,980:DEBUG:discord.client: Dispatching event socket_response
2020-09-02 12:38:32,809:DEBUG:discord.client: Dispatching event socket_raw_receive
2020-09-02 12:38:32,809:DEBUG:discord.gateway: For Shard ID 0: WebSocket Event: {'t': 'MESSAGE_DELETE', 's': 21, 'op': 0, 'd': {'id': '750756527081783436', 'channel_id': '621887688915550208', 'guild_id': '582248350405886164'}}
2020-09-02 12:38:32,809:DEBUG:discord.client: Dispatching event socket_response
2020-09-02 12:38:32,809:DEBUG:discord.client: Dispatching event raw_message_delete
2020-09-02 12:38:32,809:DEBUG:discord.client: Dispatching event message_delete
2020-09-02 12:38:47,075:DEBUG:discord.client: Dispatching event socket_raw_receive
2020-09-02 12:38:47,076:DEBUG:discord.gateway: For Shard ID 0: WebSocket Event: {'t': 'PRESENCE_UPDATE', 's': 22, 'op': 0, 'd': {'user': {'id': '582218952126758913'}, 'status': 'dnd', 'roles': ['621154853896323073'], 'guild_id': '582248350405886164', 'game': {'type': 0, 'timestamps': {'start': 1599063700330}, 'state': 'Workspace: uconnsmashbot', 'name': 'Visual Studio Code', 'id': '4d441dce5de7a1d3', 'details': 'Editing bot.py', 'created_at': 1599064728831, 'assets': {'small_text': 'Visual Studio Code', 'small_image': '565945770067623946', 'large_text': 'Editing a PYTHON file', 'large_image': '565945350645481492'}, 'application_id': '383226320970055681'}, 'client_status': {'desktop': 'dnd'}, 'activities': [{'type': 0, 'timestamps': {'start': 1599063700330}, 'state': 'Workspace: uconnsmashbot', 'name': 'Visual Studio Code', 'id': '4d441dce5de7a1d3', 'details': 'Editing bot.py', 'created_at': 1599064728831, 'assets': {'small_text': 'Visual Studio Code', 'small_image': '565945770067623946', 'large_text': 'Editing a PYTHON file', 'large_image': '565945350645481492'}, 'application_id': '383226320970055681'}, {'type': 0, 'timestamps': {'start': 1599055012112}, 'name': 'Extension: Discord Presence-marwynnbot-Visual Studio Code', 'id': '8f559f2580d051a', 'created_at': 1599055013908}]}}
2020-09-02 12:38:47,076:DEBUG:discord.client: Dispatching event socket_response
2020-09-02 12:38:47,076:DEBUG:discord.client: Dispatching event member_update
2020-09-02 12:38:57,115:DEBUG:discord.client: Dispatching event socket_raw_receive
2020-09-02 12:38:57,115:DEBUG:discord.gateway: For Shard ID 0: WebSocket Event: {'t': 'PRESENCE_UPDATE', 's': 23, 'op': 0, 'd': {'user': {'id': '582218952126758913'}, 'status': 'dnd', 'roles': ['621154853896323073'], 'guild_id': '582248350405886164', 'game': {'type': 0, 'state': 'Workspace: notes', 'name': 'Visual Studio Code', 'id': '4d441dce5de7a1d3', 'details': 'Editing BIOL-1107.md', 'created_at': 1599064738874, 'assets': {'small_text': 'Visual Studio Code', 'small_image': '565945770067623946', 'large_text': 'Idling', 'large_image': '565945768817590282'}, 'application_id': '383226320970055681'}, 'client_status': {'desktop': 'dnd'}, 'activities': [{'type': 0, 'state': 'Workspace: notes', 'name': 'Visual Studio Code', 'id': '4d441dce5de7a1d3', 'details': 'Editing BIOL-1107.md', 'created_at': 1599064738874, 'assets': {'small_text': 'Visual Studio Code', 'small_image': '565945770067623946', 'large_text': 'Idling', 'large_image': '565945768817590282'}, 'application_id': '383226320970055681'}, {'type': 0, 'timestamps': {'start': 1599055012112}, 'name': 'Extension: Discord Presence-marwynnbot-Visual Studio Code', 'id': '8f559f2580d051a', 'created_at': 1599055013908}]}}
2020-09-02 12:38:57,115:DEBUG:discord.client: Dispatching event socket_response
2020-09-02 12:38:57,115:DEBUG:discord.client: Dispatching event member_update
2020-09-02 12:39:06,173:DEBUG:discord.gateway: Keeping shard ID 0 websocket alive with sequence 23.
2020-09-02 12:39:06,173:DEBUG:discord.client: Dispatching event socket_raw_send
2020-09-02 12:39:06,220:DEBUG:discord.client: Dispatching event socket_raw_receive
2020-09-02 12:39:06,220:DEBUG:discord.gateway: For Shard ID 0: WebSocket Event: {'t': None, 's': None, 'op': 11, 'd': None}
2020-09-02 12:39:06,220:DEBUG:discord.client: Dispatching event socket_response
2020-09-02 12:39:16,239:DEBUG:discord.client: Dispatching event socket_raw_receive
2020-09-02 12:39:16,239:DEBUG:discord.gateway: For Shard ID 0: WebSocket Event: {'t': 'PRESENCE_UPDATE', 's': 24, 'op': 0, 'd': {'user': {'id': '582218952126758913'}, 'status': 'dnd', 'roles': ['621154853896323073'], 'guild_id': '582248350405886164', 'game': {'type': 0, 'timestamps': {'start': 1599063700330}, 'state': 'Workspace: uconnsmashbot', 'name': 'Visual Studio Code', 'id': '4d441dce5de7a1d3', 'details': 'Editing bot.py', 'created_at': 1599064757994, 'assets': {'small_text': 'Visual Studio Code', 'small_image': '565945770067623946', 'large_text': 'Editing a PYTHON file', 'large_image': '565945350645481492'}, 'application_id': '383226320970055681'}, 'client_status': {'desktop': 'dnd'}, 'activities': [{'type': 0, 'timestamps': {'start': 1599063700330}, 'state': 'Workspace: uconnsmashbot', 'name': 'Visual Studio Code', 'id': '4d441dce5de7a1d3', 'details': 'Editing bot.py', 'created_at': 1599064757994, 'assets': {'small_text': 'Visual Studio Code', 'small_image': '565945770067623946', 'large_text': 'Editing a PYTHON file', 'large_image': '565945350645481492'}, 'application_id': '383226320970055681'}, {'type': 0, 'timestamps': {'start': 1599055012112}, 'name': 'Extension: Discord Presence-marwynnbot-Visual Studio Code', 'id': '8f559f2580d051a', 'created_at': 1599055013908}]}}
2020-09-02 12:39:16,239:DEBUG:discord.client: Dispatching event socket_response
2020-09-02 12:39:16,239:DEBUG:discord.client: Dispatching event member_update
2020-09-02 12:39:20,094:DEBUG:discord.client: Dispatching event socket_raw_receive
2020-09-02 12:39:20,094:DEBUG:discord.gateway: For Shard ID 0: WebSocket Event: {'t': 'TYPING_START', 's': 25, 'op': 0, 'd': {'user_id': '582218952126758913', 'timestamp': 1599064761, 'member': {'user': {'username': 'MS Arranges', 'id': '582218952126758913', 'discriminator': '3060', 'avatar': '2cd89f9dc677ba00755ce2c1988f464b'}, 'roles': ['621154853896323073'], 'mute': False, 'joined_at': '2019-05-26T16:47:04.570000+00:00', 'hoisted_role': '621154853896323073', 'deaf': False}, 'channel_id': '621887688915550208', 'guild_id': '582248350405886164'}}
2020-09-02 12:39:20,094:DEBUG:discord.client: Dispatching event socket_response
2020-09-02 12:39:20,094:DEBUG:discord.client: Dispatching event typing
2020-09-02 12:39:24,229:DEBUG:discord.client: Dispatching event socket_raw_receive
2020-09-02 12:39:24,229:DEBUG:discord.gateway: For Shard ID 0: WebSocket Event: {'t': 'MESSAGE_CREATE', 's': 26, 'op': 0, 'd': {'type': 0, 'tts': False, 'timestamp': '2020-09-02T16:39:25.986000+00:00', 'pinned': False, 'nonce': '750756777464692736', 'mentions': [], 'mention_roles': [], 'mention_everyone': False, 'member': {'roles': ['621154853896323073'], 'mute': False, 'joined_at': '2019-05-26T16:47:04.570000+00:00', 'hoisted_role': '621154853896323073', 'deaf': False}, 'id': '750756785232674826', 'flags': 0, 'embeds': [], 'edited_timestamp': None, 'content': 'm!welcome create', 'channel_id': '621887688915550208', 'author': {'username': 'MS Arranges', 'public_flags': 0, 'id': '582218952126758913', 'discriminator': '3060', 'avatar': '2cd89f9dc677ba00755ce2c1988f464b'}, 'attachments': [], 'guild_id': '582248350405886164'}}
2020-09-02 12:39:24,229:DEBUG:discord.client: Dispatching event socket_response
2020-09-02 12:39:24,230:DEBUG:discord.client: Dispatching event message
2020-09-02 12:39:24,421:DEBUG:discord.client: Dispatching event socket_raw_receive
2020-09-02 12:39:24,422:DEBUG:discord.gateway: For Shard ID 0: WebSocket Event: {'t': 'MESSAGE_DELETE', 's': 27, 'op': 0, 'd': {'id': '750756785232674826', 'channel_id': '621887688915550208', 'guild_id': '582248350405886164'}}
2020-09-02 12:39:24,422:DEBUG:discord.client: Dispatching event socket_response
2020-09-02 12:39:24,422:DEBUG:discord.client: Dispatching event raw_message_delete
2020-09-02 12:39:24,422:DEBUG:discord.client: Dispatching event message_delete
2020-09-02 12:39:24,507:DEBUG:discord.client: Dispatching event socket_raw_receive
2020-09-02 12:39:24,507:DEBUG:discord.gateway: For Shard ID 0: WebSocket Event: {'t': 'MESSAGE_CREATE', 's': 28, 'op': 0, 'd': {'type': 0, 'tts': False, 'timestamp': '2020-09-02T16:39:26.267000+00:00', 'pinned': False, 'mentions': [], 'mention_roles': [], 'mention_everyone': False, 'member': {'roles': ['621154853896323073', '737816426114449518'], 'mute': False, 'joined_at': '2020-07-28T23:39:03.966000+00:00', 'hoisted_role': '621154853896323073', 'deaf': False}, 'id': '750756786411405353', 'flags': 0, 'embeds': [{'type': 'rich', 'title': 'Missing Required Argument', 'description': '<@582218952126758913>, `[ctx]` is a required argument', 'color': 10038562}], 'edited_timestamp': None, 'content': '', 'channel_id': '621887688915550208', 'author': {'username': 'MarwynnBot', 'public_flags': 0, 'id': '623317451811061763', 'discriminator': '0579', 'bot': True, 'avatar': '31844d8265d6a7a1b1dbbe2b4cfcfb30'}, 'attachments': [], 'guild_id': '582248350405886164'}}
2020-09-02 12:39:24,507:DEBUG:discord.client: Dispatching event socket_response
2020-09-02 12:39:24,507:DEBUG:discord.client: Dispatching event message
2020-09-02 12:39:24,579:DEBUG:discord.client: Dispatching event socket_raw_receive
2020-09-02 12:39:24,579:DEBUG:discord.gateway: For Shard ID 0: WebSocket Event: {'t': 'MESSAGE_UPDATE', 's': 29, 'op': 0, 'd': {'id': '750756786411405353', 'embeds': [{'type': 'rich', 'title': 'Missing Required Argument', 'description': '<@582218952126758913>, `[ctx]` is a required argument', 'color': 10038562}], 'channel_id': '621887688915550208', 'guild_id': '582248350405886164'}}
2020-09-02 12:39:24,580:DEBUG:discord.client: Dispatching event socket_response
2020-09-02 12:39:24,580:DEBUG:discord.client: Dispatching event raw_message_edit
2020-09-02 12:39:24,580:DEBUG:discord.client: Dispatching event message_edit
2020-09-02 12:39:27,200:DEBUG:discord.client: Dispatching event socket_raw_receive
2020-09-02 12:39:27,201:DEBUG:discord.gateway: For Shard ID 0: WebSocket Event: {'t': 'MESSAGE_CREATE', 's': 30, 'op': 0, 'd': {'type': 0, 'tts': False, 'timestamp': '2020-09-02T16:39:28.937000+00:00', 'pinned': False, 'nonce': '750756789754003456', 'mentions': [], 'mention_roles': [], 'mention_everyone': False, 'member': {'roles': ['621154853896323073'], 'mute': False, 'joined_at': '2019-05-26T16:47:04.570000+00:00', 'hoisted_role': '621154853896323073', 'deaf': False}, 'id': '750756797610196995', 'flags': 0, 'embeds': [], 'edited_timestamp': None, 'content': 'm!h', 'channel_id': '621887688915550208', 'author': {'username': 'MS Arranges', 'public_flags': 0, 'id': '582218952126758913', 'discriminator': '3060', 'avatar': '2cd89f9dc677ba00755ce2c1988f464b'}, 'attachments': [], 'guild_id': '582248350405886164'}}
2020-09-02 12:39:27,201:DEBUG:discord.client: Dispatching event socket_response
2020-09-02 12:39:27,201:DEBUG:discord.client: Dispatching event message
2020-09-02 12:39:27,326:DEBUG:discord.client: Dispatching event socket_raw_receive
2020-09-02 12:39:27,326:DEBUG:discord.gateway: For Shard ID 0: WebSocket Event: {'t': 'MESSAGE_DELETE', 's': 31, 'op': 0, 'd': {'id': '750756797610196995', 'channel_id': '621887688915550208', 'guild_id': '582248350405886164'}}
2020-09-02 12:39:27,326:DEBUG:discord.client: Dispatching event socket_response
2020-09-02 12:39:27,326:DEBUG:discord.client: Dispatching event raw_message_delete
2020-09-02 12:39:27,326:DEBUG:discord.client: Dispatching event message_delete
2020-09-02 12:39:27,449:DEBUG:discord.client: Dispatching event socket_raw_receive
2020-09-02 12:39:27,449:DEBUG:discord.gateway: For Shard ID 0: WebSocket Event: {'t': 'MESSAGE_CREATE', 's': 32, 'op': 0, 'd': {'type': 0, 'tts': False, 'timestamp': '2020-09-02T16:39:29.236000+00:00', 'pinned': False, 'mentions': [], 'mention_roles': [], 'mention_everyone': False, 'member': {'roles': ['621154853896323073', '737816426114449518'], 'mute': False, 'joined_at': '2020-07-28T23:39:03.966000+00:00', 'hoisted_role': '621154853896323073', 'deaf': False}, 'id': '750756798864163029', 'flags': 0, 'embeds': [{'url': 'https://discord.gg/fYBTdUp', 'type': 'rich', 'title': 'MarwynnBot Help Menu', 'thumbnail': {'width': 0, 'url': 'https://www.jing.fm/clipimg/full/71-716621_transparent-clip-art-open-book-frame-line-art.png', 'proxy_url': 'https://images-ext-1.discordapp.net/external/1kZQkPu6WoO3NUKfOG-tS9hcwbFPT8K95KCCqYnRlo4/https/www.jing.fm/clipimg/full/71-716621_transparent-clip-art-open-book-frame-line-art.png', 'height': 0}, 'footer': {'text': 'Executed by MS Arranges at: 09/02/2020 12:39:27', 'proxy_icon_url': 'https://images-ext-1.discordapp.net/external/Pz1RjNYp9rPi4dOuWtUTyGdgcjK8njtoW9BOVxs1TiU/%3Fsize%3D1024/https/cdn.discordapp.com/avatars/582218952126758913/2cd89f9dc677ba00755ce2c1988f464b.webp', 'icon_url': 'https://cdn.discordapp.com/avatars/582218952126758913/2cd89f9dc677ba00755ce2c1988f464b.webp?size=1024'}, 'fields': [{'value': '`help`', 'name': 'Help', 'inline': False}, {'value': '`m!actions` *for a full list*', 'name': 'Actions', 'inline': False}, {'value': '`ping` `report` `shard`', 'name': 'Debug', 'inline': False}, {'value': '`eightball` `choose` `gifsearch` `imgursearch` `isabelle` `peppa` `randomcat` `randomdog` `say` `toad`', 'name': 'Fun', 'inline': False}, {'value': '`balance` `gamestats` `transfer` `blackjack` `coinflip` `connectfour` `oldmaid (under development)` `slots` `uno`', 'name': 'Games', 'inline': False}, {'value': '`m!minecraft` *for a full list*', 'name': 'Minecraft', 'inline': False}, {'value': '`chatclean` `mute` `unmute` `kick` `ban` `unban` `modsonline`', 'name': 'Moderation', 'inline': False}, {'value': '`join` `play` `queue` `queueclear` `stop` `leave` `volume` `playlist`', 'name': 'Music', 'inline': False}, {'value': '`m!pokedex` *for a full list*', 'name': 'Pokedex', 'inline': False}, {'value': '`reactionrole`', 'name': 'Reactions', 'inline': False}, {'value': '`m!reddit` *for a full list*', 'name': 'Reddit', 'inline': False}, {'value': '`counter` `invite` `request` `serveremotes` `prefix` `setprefix` `serverstats` `timezone`', 'name': 'Utility', 'inline': False}, {'value': '`welcomer` `leaver`', 'name': 'Welcome', 'inline': False}, {'value': '`load` `unload` `reload` `shutdown` `balanceadmin` `blacklist` `forceleave` `privatemessage`', 'name': 'Owner Only', 'inline': False}], 'description': 'These are all the commands I currently support! Type\n```m!help [command]```\n to get help on that specific command', 'color': 3447003, 'author': {'proxy_icon_url': 'https://images-ext-2.discordapp.net/external/cKh1jBiZ6RFlfxE8NdnpjrOI_qC7t0KOkIBybl5hiWo/%3Fsize%3D1024/https/cdn.discordapp.com/avatars/623317451811061763/31844d8265d6a7a1b1dbbe2b4cfcfb30.webp', 'name': 'MarwynnBot', 'icon_url': 'https://cdn.discordapp.com/avatars/623317451811061763/31844d8265d6a7a1b1dbbe2b4cfcfb30.webp?size=1024'}}], 'edited_timestamp': None, 'content': '', 'channel_id': '621887688915550208', 'author': {'username': 'MarwynnBot', 'public_flags': 0, 'id': '623317451811061763', 'discriminator': '0579', 'bot': True, 'avatar': '31844d8265d6a7a1b1dbbe2b4cfcfb30'}, 'attachments': [], 'guild_id': '582248350405886164'}}
2020-09-02 12:39:27,449:DEBUG:discord.client: Dispatching event socket_response
2020-09-02 12:39:27,450:DEBUG:discord.client: Dispatching event message
2020-09-02 12:39:30,136:DEBUG:discord.client: Dispatching event socket_raw_receive
2020-09-02 12:39:30,137:DEBUG:discord.gateway: For Shard ID 0: WebSocket Event: {'t': 'TYPING_START', 's': 33, 'op': 0, 'd': {'user_id': '582218952126758913', 'timestamp': 1599064771, 'member': {'user': {'username': 'MS Arranges', 'id': '582218952126758913', 'discriminator': '3060', 'avatar': '2cd89f9dc677ba00755ce2c1988f464b'}, 'roles': ['621154853896323073'], 'mute': False, 'joined_at': '2019-05-26T16:47:04.570000+00:00', 'hoisted_role': '621154853896323073', 'deaf': False}, 'channel_id': '621887688915550208', 'guild_id': '582248350405886164'}}
2020-09-02 12:39:30,137:DEBUG:discord.client: Dispatching event socket_response
2020-09-02 12:39:30,137:DEBUG:discord.client: Dispatching event typing
2020-09-02 12:39:30,652:DEBUG:discord.client: Dispatching event socket_raw_receive
2020-09-02 12:39:30,652:DEBUG:discord.gateway: For Shard ID 0: WebSocket Event: {'t': 'MESSAGE_CREATE', 's': 34, 'op': 0, 'd': {'type': 0, 'tts': False, 'timestamp': '2020-09-02T16:39:32.445000+00:00', 'pinned': False, 'nonce': '750756804366958592', 'mentions': [], 'mention_roles': [], 'mention_everyone': False, 'member': {'roles': ['621154853896323073'], 'mute': False, 'joined_at': '2019-05-26T16:47:04.570000+00:00', 'hoisted_role': '621154853896323073', 'deaf': False}, 'id': '750756812323684392', 'flags': 0, 'embeds': [], 'edited_timestamp': None, 'content': 'm!welcomer create', 'channel_id': '621887688915550208', 'author': {'username': 'MS Arranges', 'public_flags': 0, 'id': '582218952126758913', 'discriminator': '3060', 'avatar': '2cd89f9dc677ba00755ce2c1988f464b'}, 'attachments': [], 'guild_id': '582248350405886164'}}
2020-09-02 12:39:30,652:DEBUG:discord.client: Dispatching event socket_response
2020-09-02 12:39:30,652:DEBUG:discord.client: Dispatching event message
2020-09-02 12:39:30,776:DEBUG:discord.client: Dispatching event socket_raw_receive
2020-09-02 12:39:30,776:DEBUG:discord.gateway: For Shard ID 0: WebSocket Event: {'t': 'MESSAGE_DELETE', 's': 35, 'op': 0, 'd': {'id': '750756812323684392', 'channel_id': '621887688915550208', 'guild_id': '582248350405886164'}}
2020-09-02 12:39:30,776:DEBUG:discord.client: Dispatching event socket_response
2020-09-02 12:39:30,776:DEBUG:discord.client: Dispatching event raw_message_delete
2020-09-02 12:39:30,776:DEBUG:discord.client: Dispatching event message_delete
2020-09-02 12:39:30,890:DEBUG:discord.client: Dispatching event socket_raw_receive
2020-09-02 12:39:30,890:DEBUG:discord.gateway: For Shard ID 0: WebSocket Event: {'t': 'MESSAGE_CREATE', 's': 36, 'op': 0, 'd': {'type': 0, 'tts': False, 'timestamp': '2020-09-02T16:39:32.664000+00:00', 'pinned': False, 'mentions': [], 'mention_roles': [], 'mention_everyone': False, 'member': {'roles': ['621154853896323073', '737816426114449518'], 'mute': False, 'joined_at': '2020-07-28T23:39:03.966000+00:00', 'hoisted_role': '621154853896323073', 'deaf': False}, 'id': '750756813242237008', 'flags': 0, 'embeds': [{'type': 'rich', 'title': 'Missing Required Argument', 'description': '<@582218952126758913>, `[ctx]` is a required argument', 'color': 10038562}], 'edited_timestamp': None, 'content': '', 'channel_id': '621887688915550208', 'author': {'username': 'MarwynnBot', 'public_flags': 0, 'id': '623317451811061763', 'discriminator': '0579', 'bot': True, 'avatar': '31844d8265d6a7a1b1dbbe2b4cfcfb30'}, 'attachments': [], 'guild_id': '582248350405886164'}}
2020-09-02 12:39:30,890:DEBUG:discord.client: Dispatching event socket_response
2020-09-02 12:39:30,891:DEBUG:discord.client: Dispatching event message
2020-09-02 12:39:30,930:DEBUG:discord.client: Dispatching event socket_raw_receive
2020-09-02 12:39:30,931:DEBUG:discord.gateway: For Shard ID 0: WebSocket Event: {'t': 'MESSAGE_UPDATE', 's': 37, 'op': 0, 'd': {'id': '750756813242237008', 'embeds': [{'type': 'rich', 'title': 'Missing Required Argument', 'description': '<@582218952126758913>, `[ctx]` is a required argument', 'color': 10038562}], 'channel_id': '621887688915550208', 'guild_id': '582248350405886164'}}
2020-09-02 12:39:30,931:DEBUG:discord.client: Dispatching event socket_response
2020-09-02 12:39:30,931:DEBUG:discord.client: Dispatching event raw_message_edit
2020-09-02 12:39:30,931:DEBUG:discord.client: Dispatching event message_edit
2020-09-02 12:39:32,641:DEBUG:discord.client: Dispatching event socket_raw_receive
2020-09-02 12:39:32,641:DEBUG:discord.gateway: For Shard ID 0: WebSocket Event: {'t': 'MESSAGE_UPDATE', 's': 38, 'op': 0, 'd': {'id': '750756798864163029', 'embeds': [{'url': 'https://discord.gg/fYBTdUp', 'type': 'rich', 'title': 'MarwynnBot Help Menu', 'thumbnail': {'width': 0, 'url': 'https://www.jing.fm/clipimg/full/71-716621_transparent-clip-art-open-book-frame-line-art.png', 'proxy_url': 'https://images-ext-1.discordapp.net/external/1kZQkPu6WoO3NUKfOG-tS9hcwbFPT8K95KCCqYnRlo4/https/www.jing.fm/clipimg/full/71-716621_transparent-clip-art-open-book-frame-line-art.png', 'height': 0}, 'footer': {'text': 'Executed by MS Arranges at: 09/02/2020 12:39:27', 'proxy_icon_url': 'https://images-ext-1.discordapp.net/external/Pz1RjNYp9rPi4dOuWtUTyGdgcjK8njtoW9BOVxs1TiU/%3Fsize%3D1024/https/cdn.discordapp.com/avatars/582218952126758913/2cd89f9dc677ba00755ce2c1988f464b.webp', 'icon_url': 'https://cdn.discordapp.com/avatars/582218952126758913/2cd89f9dc677ba00755ce2c1988f464b.webp?size=1024'}, 'fields': [{'value': '`help`', 'name': 'Help', 'inline': False}, {'value': '`m!actions` *for a full list*', 'name': 'Actions', 'inline': False}, {'value': '`ping` `report` `shard`', 'name': 'Debug', 'inline': False}, {'value': '`eightball` `choose` `gifsearch` `imgursearch` `isabelle` `peppa` `randomcat` `randomdog` `say` `toad`', 'name': 'Fun', 'inline': False}, {'value': '`balance` `gamestats` `transfer` `blackjack` `coinflip` `connectfour` `oldmaid (under development)` `slots` `uno`', 'name': 'Games', 'inline': False}, {'value': '`m!minecraft` *for a full list*', 'name': 'Minecraft', 'inline': False}, {'value': '`chatclean` `mute` `unmute` `kick` `ban` `unban` `modsonline`', 'name': 'Moderation', 'inline': False}, {'value': '`join` `play` `queue` `queueclear` `stop` `leave` `volume` `playlist`', 'name': 'Music', 'inline': False}, {'value': '`m!pokedex` *for a full list*', 'name': 'Pokedex', 'inline': False}, {'value': '`reactionrole`', 'name': 'Reactions', 'inline': False}, {'value': '`m!reddit` *for a full list*', 'name': 'Reddit', 'inline': False}, {'value': '`counter` `invite` `request` `serveremotes` `prefix` `setprefix` `serverstats` `timezone`', 'name': 'Utility', 'inline': False}, {'value': '`welcomer` `leaver`', 'name': 'Welcome', 'inline': False}, {'value': '`load` `unload` `reload` `shutdown` `balanceadmin` `blacklist` `forceleave` `privatemessage`', 'name': 'Owner Only', 'inline': False}], 'description': 'These are all the commands I currently support! Type\n```m!help [command]```\n to get help on that specific command', 'color': 3447003, 'author': {'proxy_icon_url': 'https://images-ext-2.discordapp.net/external/cKh1jBiZ6RFlfxE8NdnpjrOI_qC7t0KOkIBybl5hiWo/%3Fsize%3D1024/https/cdn.discordapp.com/avatars/623317451811061763/31844d8265d6a7a1b1dbbe2b4cfcfb30.webp', 'name': 'MarwynnBot', 'icon_url': 'https://cdn.discordapp.com/avatars/623317451811061763/31844d8265d6a7a1b1dbbe2b4cfcfb30.webp?size=1024'}}], 'channel_id': '621887688915550208', 'guild_id': '582248350405886164'}}
2020-09-02 12:39:32,641:DEBUG:discord.client: Dispatching event socket_response
2020-09-02 12:39:32,641:DEBUG:discord.client: Dispatching event raw_message_edit
2020-09-02 12:39:32,641:DEBUG:discord.client: Dispatching event message_edit
2020-09-02 12:39:34,664:DEBUG:discord.client: Dispatching event socket_raw_receive
2020-09-02 12:39:34,664:DEBUG:discord.gateway: For Shard ID 0: WebSocket Event: {'t': 'MESSAGE_DELETE', 's': 39, 'op': 0, 'd': {'id': '750756786411405353', 'channel_id': '621887688915550208', 'guild_id': '582248350405886164'}}
2020-09-02 12:39:34,664:DEBUG:discord.client: Dispatching event socket_response
2020-09-02 12:39:34,664:DEBUG:discord.client: Dispatching event raw_message_delete
2020-09-02 12:39:34,664:DEBUG:discord.client: Dispatching event message_delete
2020-09-02 12:39:36,216:INFO:discord.client: Received signal to terminate bot and event loop.
2020-09-02 12:39:36,216:INFO:discord.client: Cleaning up tasks.
2020-09-02 12:39:36,216:INFO:discord.client: Cleaning up after 2 tasks.
2020-09-02 12:39:36,262:INFO:discord.client: All tasks finished cancelling.
2020-09-02 12:39:36,262:INFO:discord.client: Closing the event loop.
